2026-07-14 15:57:09.478 [Test worker] INFO  c.t.global.util.MemberUtilTest - Starting MemberUtilTest using Java 17.0.19 with PID 24613 (started by camdao in /home/camdao/Desktop/ticket-online)
2026-07-14 15:57:09.480 [Test worker] INFO  c.t.global.util.MemberUtilTest - The following 4 profiles are active: "redis", "datasource", "security", "test"
2026-07-14 15:57:10.387 [Test worker] INFO  o.s.d.r.c.RepositoryConfigurationDelegate - Multiple Spring Data modules found, entering strict repository configuration mode
2026-07-14 15:57:10.389 [Test worker] INFO  o.s.d.r.c.RepositoryConfigurationDelegate - Bootstrapping Spring Data Redis repositories in DEFAULT mode.
2026-07-14 15:57:10.413 [Test worker] INFO  o.s.d.r.c.RepositoryConfigurationDelegate - Finished Spring Data repository scanning in 6 ms. Found 0 Redis repository interfaces.
2026-07-14 15:57:10.804 [Test worker] INFO  o.s.d.r.c.RepositoryConfigurationDelegate - Multiple Spring Data modules found, entering strict repository configuration mode
2026-07-14 15:57:10.805 [Test worker] INFO  o.s.d.r.c.RepositoryConfigurationDelegate - Bootstrapping Spring Data JPA repositories in DEFAULT mode.
2026-07-14 15:57:10.850 [Test worker] INFO  o.s.d.r.c.RepositoryConfigurationExtensionSupport - Spring Data JPA - Could not safely identify store assignment for repository candidate interface com.ticket_online.domain.auth.dao.RefreshTokenRepository; If you want this repository to be a JPA repository, consider annotating your entities with one of these annotations: jakarta.persistence.Entity, jakarta.persistence.MappedSuperclass (preferred), or consider extending one of the following types with your repository: org.springframework.data.jpa.repository.JpaRepository
2026-07-14 15:57:11.009 [Test worker] INFO  o.s.d.r.c.RepositoryConfigurationDelegate - Finished Spring Data repository scanning in 200 ms. Found 4 JPA repository interfaces.
2026-07-14 15:57:11.020 [Test worker] INFO  o.s.d.r.c.RepositoryConfigurationDelegate - Multiple Spring Data modules found, entering strict repository configuration mode
2026-07-14 15:57:11.020 [Test worker] INFO  o.s.d.r.c.RepositoryConfigurationDelegate - Bootstrapping Spring Data Redis repositories in DEFAULT mode.
2026-07-14 15:57:11.033 [Test worker] INFO  o.s.d.r.c.RepositoryConfigurationExtensionSupport - Spring Data Redis - Could not safely identify store assignment for repository candidate interface com.ticket_online.domain.cinemas.dao.CinemaRepository; If you want this repository to be a Redis repository, consider annotating your entities with one of these annotations: org.springframework.data.redis.core.RedisHash (preferred), or consider extending one of the following types with your repository: org.springframework.data.keyvalue.repository.KeyValueRepository
2026-07-14 15:57:11.034 [Test worker] INFO  o.s.d.r.c.RepositoryConfigurationExtensionSupport - Spring Data Redis - Could not safely identify store assignment for repository candidate interface com.ticket_online.domain.cinemas.dao.ScreenRepository; If you want this repository to be a Redis repository, consider annotating your entities with one of these annotations: org.springframework.data.redis.core.RedisHash (preferred), or consider extending one of the following types with your repository: org.springframework.data.keyvalue.repository.KeyValueRepository
2026-07-14 15:57:11.034 [Test worker] INFO  o.s.d.r.c.RepositoryConfigurationExtensionSupport - Spring Data Redis - Could not safely identify store assignment for repository candidate interface com.ticket_online.domain.movies.dao.MovieRepository; If you want this repository to be a Redis repository, consider annotating your entities with one of these annotations: org.springframework.data.redis.core.RedisHash (preferred), or consider extending one of the following types with your repository: org.springframework.data.keyvalue.repository.KeyValueRepository
2026-07-14 15:57:11.035 [Test worker] INFO  o.s.d.r.c.RepositoryConfigurationExtensionSupport - Spring Data Redis - Could not safely identify store assignment for repository candidate interface com.ticket_online.domain.user.dao.UserRepository; If you want this repository to be a Redis repository, consider annotating your entities with one of these annotations: org.springframework.data.redis.core.RedisHash (preferred), or consider extending one of the following types with your repository: org.springframework.data.keyvalue.repository.KeyValueRepository
2026-07-14 15:57:11.044 [Test worker] INFO  o.s.d.r.c.RepositoryConfigurationDelegate - Finished Spring Data repository scanning in 23 ms. Found 1 Redis repository interface.
2026-07-14 15:57:12.424 [Test worker] INFO  o.s.o.j.p.SpringPersistenceUnitInfo - No LoadTimeWeaver setup: ignoring JPA class transformer
2026-07-14 15:57:12.474 [Test worker] INFO  com.zaxxer.hikari.HikariDataSource - HikariPool-1 - Starting...
2026-07-14 15:57:12.738 [Test worker] INFO  com.zaxxer.hikari.pool.HikariPool - HikariPool-1 - Added connection conn0: url=jdbc:h2:mem:test user=SA
2026-07-14 15:57:12.742 [Test worker] INFO  com.zaxxer.hikari.HikariDataSource - HikariPool-1 - Start completed.
2026-07-14 15:57:14.248 [Test worker] INFO  o.s.o.j.LocalContainerEntityManagerFactoryBean - Initialized JPA EntityManagerFactory for persistence unit 'default'
2026-07-14 15:57:15.901 [Test worker] INFO  o.s.d.j.r.query.QueryEnhancerFactory - Hibernate is in classpath; If applicable, HQL parser will be used.
2026-07-14 15:57:17.297 [Test worker] WARN  o.s.b.a.o.j.JpaBaseConfiguration$JpaWebConfiguration - spring.jpa.open-in-view is enabled by default. Therefore, database queries may be performed during view rendering. Explicitly configure spring.jpa.open-in-view to disable this warning
2026-07-14 15:57:17.999 [Test worker] INFO  o.s.b.a.e.web.EndpointLinksResolver - Exposing 2 endpoints beneath base path '/actuator'
2026-07-14 15:57:18.909 [Test worker] INFO  c.t.global.util.MemberUtilTest - Started MemberUtilTest in 10.134 seconds (process running for 11.719)
2026-07-14 15:57:19.642 [Test worker] DEBUG org.hibernate.SQL - 
    insert 
    into
        users
        (created_at, email, full_name, password, phone_number, role, updated_at, username, user_id) 
    values
        (?, ?, ?, ?, ?, ?, ?, ?, default)
2026-07-14 15:57:19.651 [Test worker] WARN  o.h.e.jdbc.spi.SqlExceptionHelper - SQL Error: 42104, SQLState: 42S04
2026-07-14 15:57:19.651 [Test worker] ERROR o.h.e.jdbc.spi.SqlExceptionHelper - Table "USERS" not found (this database is empty); SQL statement:
insert into users (created_at,email,full_name,password,phone_number,role,updated_at,username,user_id) values (?,?,?,?,?,?,?,?,default) [42104-224]
2026-07-14 15:57:19.810 [SpringApplicationShutdownHook] WARN  o.s.d.r.l.RedisMessageListenerContainer - Unable to unsubscribe from subscriptions
java.lang.IllegalStateException: cannot be started once stopped
	at io.netty.util.HashedWheelTimer.start(HashedWheelTimer.java:363)
	at io.netty.util.HashedWheelTimer.newTimeout(HashedWheelTimer.java:445)
	at io.lettuce.core.protocol.CommandExpiryWriter.potentiallyExpire(CommandExpiryWriter.java:176)
	at io.lettuce.core.protocol.CommandExpiryWriter.write(CommandExpiryWriter.java:120)
	at io.lettuce.core.RedisChannelHandler.dispatch(RedisChannelHandler.java:218)
	at io.lettuce.core.StatefulRedisConnectionImpl.dispatch(StatefulRedisConnectionImpl.java:163)
	at io.lettuce.core.AbstractRedisAsyncCommands.dispatch(AbstractRedisAsyncCommands.java:696)
	at io.lettuce.core.pubsub.RedisPubSubAsyncCommandsImpl.punsubscribe(RedisPubSubAsyncCommandsImpl.java:58)
	at org.springframework.data.redis.connection.lettuce.LettuceSubscription.doClose(LettuceSubscription.java:86)
	at org.springframework.data.redis.connection.util.AbstractSubscription.close(AbstractSubscription.java:105)
	at org.springframework.data.redis.listener.RedisMessageListenerContainer$Subscriber.closeSubscription(RedisMessageListenerContainer.java:1361)
	at org.springframework.data.redis.listener.RedisMessageListenerContainer$Subscriber.doUnsubscribe(RedisMessageListenerContainer.java:1324)
	at org.springframework.data.redis.listener.RedisMessageListenerContainer$Subscriber.lambda$unsubscribeAll$2(RedisMessageListenerContainer.java:1317)
	at org.springframework.data.redis.listener.RedisMessageListenerContainer$Subscriber.lambda$doInLock$9(RedisMessageListenerContainer.java:1445)
	at org.springframework.data.redis.listener.RedisMessageListenerContainer$Subscriber.doInLock(RedisMessageListenerContainer.java:1455)
	at org.springframework.data.redis.listener.RedisMessageListenerContainer$Subscriber.doInLock(RedisMessageListenerContainer.java:1444)
	at org.springframework.data.redis.listener.RedisMessageListenerContainer$Subscriber.unsubscribeAll(RedisMessageListenerContainer.java:1312)
	at org.springframework.data.redis.listener.RedisMessageListenerContainer.doUnsubscribe(RedisMessageListenerContainer.java:512)
	at org.springframework.data.redis.listener.RedisMessageListenerContainer.stopListening(RedisMessageListenerContainer.java:494)
	at org.springframework.data.redis.listener.RedisMessageListenerContainer.removeListener(RedisMessageListenerContainer.java:764)
	at org.springframework.data.redis.listener.RedisMessageListenerContainer.removeMessageListener(RedisMessageListenerContainer.java:587)
	at org.springframework.data.redis.listener.RedisMessageListenerContainer.removeMessageListener(RedisMessageListenerContainer.java:614)
	at org.springframework.data.redis.listener.KeyspaceEventMessageListener.destroy(KeyspaceEventMessageListener.java:110)
	at org.springframework.data.redis.core.RedisKeyValueAdapter.destroy(RedisKeyValueAdapter.java:708)
	at org.springframework.beans.factory.support.DisposableBeanAdapter.destroy(DisposableBeanAdapter.java:211)
	at org.springframework.beans.factory.support.DefaultSingletonBeanRegistry.destroyBean(DefaultSingletonBeanRegistry.java:587)
	at org.springframework.beans.factory.support.DefaultSingletonBeanRegistry.destroySingleton(DefaultSingletonBeanRegistry.java:559)
	at org.springframework.beans.factory.support.DefaultListableBeanFactory.destroySingleton(DefaultListableBeanFactory.java:1207)
	at org.springframework.beans.factory.support.DefaultSingletonBeanRegistry.destroySingletons(DefaultSingletonBeanRegistry.java:520)
	at org.springframework.beans.factory.support.DefaultListableBeanFactory.destroySingletons(DefaultListableBeanFactory.java:1200)
	at org.springframework.context.support.AbstractApplicationContext.destroyBeans(AbstractApplicationContext.java:1195)
	at org.springframework.context.support.AbstractApplicationContext.doClose(AbstractApplicationContext.java:1156)
	at org.springframework.context.support.AbstractApplicationContext.close(AbstractApplicationContext.java:1102)
	at org.springframework.boot.SpringApplicationShutdownHook.closeAndWait(SpringApplicationShutdownHook.java:147)
	at java.base/java.lang.Iterable.forEach(Iterable.java:75)
	at org.springframework.boot.SpringApplicationShutdownHook.run(SpringApplicationShutdownHook.java:116)
	at java.base/java.lang.Thread.run(Thread.java:840)
2026-07-14 15:57:19.815 [SpringApplicationShutdownHook] INFO  o.s.o.j.LocalContainerEntityManagerFactoryBean - Closing JPA EntityManagerFactory for persistence unit 'default'
2026-07-14 15:57:19.817 [SpringApplicationShutdownHook] INFO  com.zaxxer.hikari.HikariDataSource - HikariPool-1 - Shutdown initiated...
2026-07-14 15:57:19.820 [SpringApplicationShutdownHook] INFO  com.zaxxer.hikari.HikariDataSource - HikariPool-1 - Shutdown completed.
2026-07-14 15:57:46.292 [Test worker] INFO  c.t.global.util.MemberUtilTest - Starting MemberUtilTest using Java 17.0.19 with PID 24975 (started by camdao in /home/camdao/Desktop/ticket-online)
2026-07-14 15:57:46.296 [Test worker] INFO  c.t.global.util.MemberUtilTest - The following 4 profiles are active: "redis", "datasource", "security", "test"
2026-07-14 15:57:47.204 [Test worker] INFO  o.s.d.r.c.RepositoryConfigurationDelegate - Multiple Spring Data modules found, entering strict repository configuration mode
2026-07-14 15:57:47.204 [Test worker] INFO  o.s.d.r.c.RepositoryConfigurationDelegate - Bootstrapping Spring Data Redis repositories in DEFAULT mode.
2026-07-14 15:57:47.225 [Test worker] INFO  o.s.d.r.c.RepositoryConfigurationDelegate - Finished Spring Data repository scanning in 6 ms. Found 0 Redis repository interfaces.
2026-07-14 15:57:47.609 [Test worker] INFO  o.s.d.r.c.RepositoryConfigurationDelegate - Multiple Spring Data modules found, entering strict repository configuration mode
2026-07-14 15:57:47.610 [Test worker] INFO  o.s.d.r.c.RepositoryConfigurationDelegate - Bootstrapping Spring Data JPA repositories in DEFAULT mode.
2026-07-14 15:57:47.661 [Test worker] INFO  o.s.d.r.c.RepositoryConfigurationExtensionSupport - Spring Data JPA - Could not safely identify store assignment for repository candidate interface com.ticket_online.domain.auth.dao.RefreshTokenRepository; If you want this repository to be a JPA repository, consider annotating your entities with one of these annotations: jakarta.persistence.Entity, jakarta.persistence.MappedSuperclass (preferred), or consider extending one of the following types with your repository: org.springframework.data.jpa.repository.JpaRepository
2026-07-14 15:57:47.815 [Test worker] INFO  o.s.d.r.c.RepositoryConfigurationDelegate - Finished Spring Data repository scanning in 201 ms. Found 4 JPA repository interfaces.
2026-07-14 15:57:47.826 [Test worker] INFO  o.s.d.r.c.RepositoryConfigurationDelegate - Multiple Spring Data modules found, entering strict repository configuration mode
2026-07-14 15:57:47.827 [Test worker] INFO  o.s.d.r.c.RepositoryConfigurationDelegate - Bootstrapping Spring Data Redis repositories in DEFAULT mode.
2026-07-14 15:57:47.840 [Test worker] INFO  o.s.d.r.c.RepositoryConfigurationExtensionSupport - Spring Data Redis - Could not safely identify store assignment for repository candidate interface com.ticket_online.domain.cinemas.dao.CinemaRepository; If you want this repository to be a Redis repository, consider annotating your entities with one of these annotations: org.springframework.data.redis.core.RedisHash (preferred), or consider extending one of the following types with your repository: org.springframework.data.keyvalue.repository.KeyValueRepository
2026-07-14 15:57:47.840 [Test worker] INFO  o.s.d.r.c.RepositoryConfigurationExtensionSupport - Spring Data Redis - Could not safely identify store assignment for repository candidate interface com.ticket_online.domain.cinemas.dao.ScreenRepository; If you want this repository to be a Redis repository, consider annotating your entities with one of these annotations: org.springframework.data.redis.core.RedisHash (preferred), or consider extending one of the following types with your repository: org.springframework.data.keyvalue.repository.KeyValueRepository
2026-07-14 15:57:47.841 [Test worker] INFO  o.s.d.r.c.RepositoryConfigurationExtensionSupport - Spring Data Redis - Could not safely identify store assignment for repository candidate interface com.ticket_online.domain.movies.dao.MovieRepository; If you want this repository to be a Redis repository, consider annotating your entities with one of these annotations: org.springframework.data.redis.core.RedisHash (preferred), or consider extending one of the following types with your repository: org.springframework.data.keyvalue.repository.KeyValueRepository
2026-07-14 15:57:47.841 [Test worker] INFO  o.s.d.r.c.RepositoryConfigurationExtensionSupport - Spring Data Redis - Could not safely identify store assignment for repository candidate interface com.ticket_online.domain.user.dao.UserRepository; If you want this repository to be a Redis repository, consider annotating your entities with one of these annotations: org.springframework.data.redis.core.RedisHash (preferred), or consider extending one of the following types with your repository: org.springframework.data.keyvalue.repository.KeyValueRepository
2026-07-14 15:57:47.850 [Test worker] INFO  o.s.d.r.c.RepositoryConfigurationDelegate - Finished Spring Data repository scanning in 23 ms. Found 1 Redis repository interface.
2026-07-14 15:57:49.175 [Test worker] INFO  o.s.o.j.p.SpringPersistenceUnitInfo - No LoadTimeWeaver setup: ignoring JPA class transformer
2026-07-14 15:57:49.210 [Test worker] INFO  com.zaxxer.hikari.HikariDataSource - HikariPool-1 - Starting...
2026-07-14 15:57:49.422 [Test worker] INFO  com.zaxxer.hikari.pool.HikariPool - HikariPool-1 - Added connection conn0: url=jdbc:h2:mem:test user=SA
2026-07-14 15:57:49.425 [Test worker] INFO  com.zaxxer.hikari.HikariDataSource - HikariPool-1 - Start completed.
2026-07-14 15:57:50.642 [Test worker] INFO  o.s.o.j.LocalContainerEntityManagerFactoryBean - Initialized JPA EntityManagerFactory for persistence unit 'default'
2026-07-14 15:57:52.244 [Test worker] INFO  o.s.d.j.r.query.QueryEnhancerFactory - Hibernate is in classpath; If applicable, HQL parser will be used.
2026-07-14 15:57:53.339 [Test worker] WARN  o.s.b.a.o.j.JpaBaseConfiguration$JpaWebConfiguration - spring.jpa.open-in-view is enabled by default. Therefore, database queries may be performed during view rendering. Explicitly configure spring.jpa.open-in-view to disable this warning
2026-07-14 15:57:53.979 [Test worker] INFO  o.s.b.a.e.web.EndpointLinksResolver - Exposing 2 endpoints beneath base path '/actuator'
2026-07-14 15:57:54.757 [Test worker] INFO  c.t.global.util.MemberUtilTest - Started MemberUtilTest in 9.086 seconds (process running for 10.497)
2026-07-14 15:57:55.464 [Test worker] DEBUG org.hibernate.SQL - 
    insert 
    into
        users
        (created_at, email, full_name, password, phone_number, role, updated_at, username, user_id) 
    values
        (?, ?, ?, ?, ?, ?, ?, ?, default)
2026-07-14 15:57:55.474 [Test worker] WARN  o.h.e.jdbc.spi.SqlExceptionHelper - SQL Error: 42104, SQLState: 42S04
2026-07-14 15:57:55.474 [Test worker] ERROR o.h.e.jdbc.spi.SqlExceptionHelper - Table "USERS" not found (this database is empty); SQL statement:
insert into users (created_at,email,full_name,password,phone_number,role,updated_at,username,user_id) values (?,?,?,?,?,?,?,?,default) [42104-224]
2026-07-14 15:57:55.620 [SpringApplicationShutdownHook] WARN  o.s.d.r.l.RedisMessageListenerContainer - Unable to unsubscribe from subscriptions
java.lang.IllegalStateException: cannot be started once stopped
	at io.netty.util.HashedWheelTimer.start(HashedWheelTimer.java:363)
	at io.netty.util.HashedWheelTimer.newTimeout(HashedWheelTimer.java:445)
	at io.lettuce.core.protocol.CommandExpiryWriter.potentiallyExpire(CommandExpiryWriter.java:176)
	at io.lettuce.core.protocol.CommandExpiryWriter.write(CommandExpiryWriter.java:120)
	at io.lettuce.core.RedisChannelHandler.dispatch(RedisChannelHandler.java:218)
	at io.lettuce.core.StatefulRedisConnectionImpl.dispatch(StatefulRedisConnectionImpl.java:163)
	at io.lettuce.core.AbstractRedisAsyncCommands.dispatch(AbstractRedisAsyncCommands.java:696)
	at io.lettuce.core.pubsub.RedisPubSubAsyncCommandsImpl.punsubscribe(RedisPubSubAsyncCommandsImpl.java:58)
	at org.springframework.data.redis.connection.lettuce.LettuceSubscription.doClose(LettuceSubscription.java:86)
	at org.springframework.data.redis.connection.util.AbstractSubscription.close(AbstractSubscription.java:105)
	at org.springframework.data.redis.listener.RedisMessageListenerContainer$Subscriber.closeSubscription(RedisMessageListenerContainer.java:1361)
	at org.springframework.data.redis.listener.RedisMessageListenerContainer$Subscriber.doUnsubscribe(RedisMessageListenerContainer.java:1324)
	at org.springframework.data.redis.listener.RedisMessageListenerContainer$Subscriber.lambda$unsubscribeAll$2(RedisMessageListenerContainer.java:1317)
	at org.springframework.data.redis.listener.RedisMessageListenerContainer$Subscriber.lambda$doInLock$9(RedisMessageListenerContainer.java:1445)
	at org.springframework.data.redis.listener.RedisMessageListenerContainer$Subscriber.doInLock(RedisMessageListenerContainer.java:1455)
	at org.springframework.data.redis.listener.RedisMessageListenerContainer$Subscriber.doInLock(RedisMessageListenerContainer.java:1444)
	at org.springframework.data.redis.listener.RedisMessageListenerContainer$Subscriber.unsubscribeAll(RedisMessageListenerContainer.java:1312)
	at org.springframework.data.redis.listener.RedisMessageListenerContainer.doUnsubscribe(RedisMessageListenerContainer.java:512)
	at org.springframework.data.redis.listener.RedisMessageListenerContainer.stopListening(RedisMessageListenerContainer.java:494)
	at org.springframework.data.redis.listener.RedisMessageListenerContainer.removeListener(RedisMessageListenerContainer.java:764)
	at org.springframework.data.redis.listener.RedisMessageListenerContainer.removeMessageListener(RedisMessageListenerContainer.java:587)
	at org.springframework.data.redis.listener.RedisMessageListenerContainer.removeMessageListener(RedisMessageListenerContainer.java:614)
	at org.springframework.data.redis.listener.KeyspaceEventMessageListener.destroy(KeyspaceEventMessageListener.java:110)
	at org.springframework.data.redis.core.RedisKeyValueAdapter.destroy(RedisKeyValueAdapter.java:708)
	at org.springframework.beans.factory.support.DisposableBeanAdapter.destroy(DisposableBeanAdapter.java:211)
	at org.springframework.beans.factory.support.DefaultSingletonBeanRegistry.destroyBean(DefaultSingletonBeanRegistry.java:587)
	at org.springframework.beans.factory.support.DefaultSingletonBeanRegistry.destroySingleton(DefaultSingletonBeanRegistry.java:559)
	at org.springframework.beans.factory.support.DefaultListableBeanFactory.destroySingleton(DefaultListableBeanFactory.java:1207)
	at org.springframework.beans.factory.support.DefaultSingletonBeanRegistry.destroySingletons(DefaultSingletonBeanRegistry.java:520)
	at org.springframework.beans.factory.support.DefaultListableBeanFactory.destroySingletons(DefaultListableBeanFactory.java:1200)
	at org.springframework.context.support.AbstractApplicationContext.destroyBeans(AbstractApplicationContext.java:1195)
	at org.springframework.context.support.AbstractApplicationContext.doClose(AbstractApplicationContext.java:1156)
	at org.springframework.context.support.AbstractApplicationContext.close(AbstractApplicationContext.java:1102)
	at org.springframework.boot.SpringApplicationShutdownHook.closeAndWait(SpringApplicationShutdownHook.java:147)
	at java.base/java.lang.Iterable.forEach(Iterable.java:75)
	at org.springframework.boot.SpringApplicationShutdownHook.run(SpringApplicationShutdownHook.java:116)
	at java.base/java.lang.Thread.run(Thread.java:840)
2026-07-14 15:57:55.627 [SpringApplicationShutdownHook] INFO  o.s.o.j.LocalContainerEntityManagerFactoryBean - Closing JPA EntityManagerFactory for persistence unit 'default'
2026-07-14 15:57:55.631 [SpringApplicationShutdownHook] INFO  com.zaxxer.hikari.HikariDataSource - HikariPool-1 - Shutdown initiated...
2026-07-14 15:57:55.636 [SpringApplicationShutdownHook] INFO  com.zaxxer.hikari.HikariDataSource - HikariPool-1 - Shutdown completed.
2026-07-14 20:15:46.563 [Test worker] INFO  c.t.global.util.MemberUtilTest - Starting MemberUtilTest using Java 17.0.19 with PID 27361 (started by camdao in /home/camdao/Desktop/ticket-online)
2026-07-14 20:15:46.571 [Test worker] INFO  c.t.global.util.MemberUtilTest - The following 4 profiles are active: "redis", "datasource", "security", "test"
2026-07-14 20:15:47.553 [Test worker] INFO  o.s.d.r.c.RepositoryConfigurationDelegate - Multiple Spring Data modules found, entering strict repository configuration mode
2026-07-14 20:15:47.554 [Test worker] INFO  o.s.d.r.c.RepositoryConfigurationDelegate - Bootstrapping Spring Data Redis repositories in DEFAULT mode.
2026-07-14 20:15:47.579 [Test worker] INFO  o.s.d.r.c.RepositoryConfigurationDelegate - Finished Spring Data repository scanning in 7 ms. Found 0 Redis repository interfaces.
2026-07-14 20:15:47.997 [Test worker] INFO  o.s.d.r.c.RepositoryConfigurationDelegate - Multiple Spring Data modules found, entering strict repository configuration mode
2026-07-14 20:15:47.999 [Test worker] INFO  o.s.d.r.c.RepositoryConfigurationDelegate - Bootstrapping Spring Data JPA repositories in DEFAULT mode.
2026-07-14 20:15:48.053 [Test worker] INFO  o.s.d.r.c.RepositoryConfigurationExtensionSupport - Spring Data JPA - Could not safely identify store assignment for repository candidate interface com.ticket_online.domain.auth.dao.RefreshTokenRepository; If you want this repository to be a JPA repository, consider annotating your entities with one of these annotations: jakarta.persistence.Entity, jakarta.persistence.MappedSuperclass (preferred), or consider extending one of the following types with your repository: org.springframework.data.jpa.repository.JpaRepository
2026-07-14 20:15:48.211 [Test worker] INFO  o.s.d.r.c.RepositoryConfigurationDelegate - Finished Spring Data repository scanning in 209 ms. Found 4 JPA repository interfaces.
2026-07-14 20:15:48.224 [Test worker] INFO  o.s.d.r.c.RepositoryConfigurationDelegate - Multiple Spring Data modules found, entering strict repository configuration mode
2026-07-14 20:15:48.224 [Test worker] INFO  o.s.d.r.c.RepositoryConfigurationDelegate - Bootstrapping Spring Data Redis repositories in DEFAULT mode.
2026-07-14 20:15:48.238 [Test worker] INFO  o.s.d.r.c.RepositoryConfigurationExtensionSupport - Spring Data Redis - Could not safely identify store assignment for repository candidate interface com.ticket_online.domain.cinemas.dao.CinemaRepository; If you want this repository to be a Redis repository, consider annotating your entities with one of these annotations: org.springframework.data.redis.core.RedisHash (preferred), or consider extending one of the following types with your repository: org.springframework.data.keyvalue.repository.KeyValueRepository
2026-07-14 20:15:48.239 [Test worker] INFO  o.s.d.r.c.RepositoryConfigurationExtensionSupport - Spring Data Redis - Could not safely identify store assignment for repository candidate interface com.ticket_online.domain.cinemas.dao.ScreenRepository; If you want this repository to be a Redis repository, consider annotating your entities with one of these annotations: org.springframework.data.redis.core.RedisHash (preferred), or consider extending one of the following types with your repository: org.springframework.data.keyvalue.repository.KeyValueRepository
2026-07-14 20:15:48.239 [Test worker] INFO  o.s.d.r.c.RepositoryConfigurationExtensionSupport - Spring Data Redis - Could not safely identify store assignment for repository candidate interface com.ticket_online.domain.movies.dao.MovieRepository; If you want this repository to be a Redis repository, consider annotating your entities with one of these annotations: org.springframework.data.redis.core.RedisHash (preferred), or consider extending one of the following types with your repository: org.springframework.data.keyvalue.repository.KeyValueRepository
2026-07-14 20:15:48.240 [Test worker] INFO  o.s.d.r.c.RepositoryConfigurationExtensionSupport - Spring Data Redis - Could not safely identify store assignment for repository candidate interface com.ticket_online.domain.user.dao.UserRepository; If you want this repository to be a Redis repository, consider annotating your entities with one of these annotations: org.springframework.data.redis.core.RedisHash (preferred), or consider extending one of the following types with your repository: org.springframework.data.keyvalue.repository.KeyValueRepository
2026-07-14 20:15:48.250 [Test worker] INFO  o.s.d.r.c.RepositoryConfigurationDelegate - Finished Spring Data repository scanning in 25 ms. Found 1 Redis repository interface.
2026-07-14 20:15:49.705 [Test worker] INFO  o.s.o.j.p.SpringPersistenceUnitInfo - No LoadTimeWeaver setup: ignoring JPA class transformer
2026-07-14 20:15:49.755 [Test worker] INFO  com.zaxxer.hikari.HikariDataSource - HikariPool-1 - Starting...
2026-07-14 20:15:49.997 [Test worker] INFO  com.zaxxer.hikari.pool.HikariPool - HikariPool-1 - Added connection conn0: url=jdbc:h2:mem:test user=SA
2026-07-14 20:15:50.000 [Test worker] INFO  com.zaxxer.hikari.HikariDataSource - HikariPool-1 - Start completed.
2026-07-14 20:15:51.346 [Test worker] INFO  o.s.o.j.LocalContainerEntityManagerFactoryBean - Initialized JPA EntityManagerFactory for persistence unit 'default'
2026-07-14 20:15:53.103 [Test worker] INFO  o.s.d.j.r.query.QueryEnhancerFactory - Hibernate is in classpath; If applicable, HQL parser will be used.
2026-07-14 20:15:54.576 [Test worker] WARN  o.s.b.a.o.j.JpaBaseConfiguration$JpaWebConfiguration - spring.jpa.open-in-view is enabled by default. Therefore, database queries may be performed during view rendering. Explicitly configure spring.jpa.open-in-view to disable this warning
2026-07-14 20:15:55.244 [Test worker] INFO  o.s.b.a.e.web.EndpointLinksResolver - Exposing 2 endpoints beneath base path '/actuator'
2026-07-14 20:15:56.066 [Test worker] INFO  c.t.global.util.MemberUtilTest - Started MemberUtilTest in 10.238 seconds (process running for 11.772)
2026-07-14 20:15:56.885 [Test worker] DEBUG org.hibernate.SQL - 
    insert 
    into
        users
        (created_at, email, full_name, password, phone_number, role, updated_at, username, user_id) 
    values
        (?, ?, ?, ?, ?, ?, ?, ?, default)
2026-07-14 20:15:56.897 [Test worker] WARN  o.h.e.jdbc.spi.SqlExceptionHelper - SQL Error: 42104, SQLState: 42S04
2026-07-14 20:15:56.897 [Test worker] ERROR o.h.e.jdbc.spi.SqlExceptionHelper - Table "USERS" not found (this database is empty); SQL statement:
insert into users (created_at,email,full_name,password,phone_number,role,updated_at,username,user_id) values (?,?,?,?,?,?,?,?,default) [42104-224]
2026-07-14 20:15:57.105 [SpringApplicationShutdownHook] WARN  o.s.d.r.l.RedisMessageListenerContainer - Unable to unsubscribe from subscriptions
java.lang.IllegalStateException: cannot be started once stopped
	at io.netty.util.HashedWheelTimer.start(HashedWheelTimer.java:363)
	at io.netty.util.HashedWheelTimer.newTimeout(HashedWheelTimer.java:445)
	at io.lettuce.core.protocol.CommandExpiryWriter.potentiallyExpire(CommandExpiryWriter.java:176)
	at io.lettuce.core.protocol.CommandExpiryWriter.write(CommandExpiryWriter.java:120)
	at io.lettuce.core.RedisChannelHandler.dispatch(RedisChannelHandler.java:218)
	at io.lettuce.core.StatefulRedisConnectionImpl.dispatch(StatefulRedisConnectionImpl.java:163)
	at io.lettuce.core.AbstractRedisAsyncCommands.dispatch(AbstractRedisAsyncCommands.java:696)
	at io.lettuce.core.pubsub.RedisPubSubAsyncCommandsImpl.punsubscribe(RedisPubSubAsyncCommandsImpl.java:58)
	at org.springframework.data.redis.connection.lettuce.LettuceSubscription.doClose(LettuceSubscription.java:86)
	at org.springframework.data.redis.connection.util.AbstractSubscription.close(AbstractSubscription.java:105)
	at org.springframework.data.redis.listener.RedisMessageListenerContainer$Subscriber.closeSubscription(RedisMessageListenerContainer.java:1361)
	at org.springframework.data.redis.listener.RedisMessageListenerContainer$Subscriber.doUnsubscribe(RedisMessageListenerContainer.java:1324)
	at org.springframework.data.redis.listener.RedisMessageListenerContainer$Subscriber.lambda$unsubscribeAll$2(RedisMessageListenerContainer.java:1317)
	at org.springframework.data.redis.listener.RedisMessageListenerContainer$Subscriber.lambda$doInLock$9(RedisMessageListenerContainer.java:1445)
	at org.springframework.data.redis.listener.RedisMessageListenerContainer$Subscriber.doInLock(RedisMessageListenerContainer.java:1455)
	at org.springframework.data.redis.listener.RedisMessageListenerContainer$Subscriber.doInLock(RedisMessageListenerContainer.java:1444)
	at org.springframework.data.redis.listener.RedisMessageListenerContainer$Subscriber.unsubscribeAll(RedisMessageListenerContainer.java:1312)
	at org.springframework.data.redis.listener.RedisMessageListenerContainer.doUnsubscribe(RedisMessageListenerContainer.java:512)
	at org.springframework.data.redis.listener.RedisMessageListenerContainer.stopListening(RedisMessageListenerContainer.java:494)
	at org.springframework.data.redis.listener.RedisMessageListenerContainer.removeListener(RedisMessageListenerContainer.java:764)
	at org.springframework.data.redis.listener.RedisMessageListenerContainer.removeMessageListener(RedisMessageListenerContainer.java:587)
	at org.springframework.data.redis.listener.RedisMessageListenerContainer.removeMessageListener(RedisMessageListenerContainer.java:614)
	at org.springframework.data.redis.listener.KeyspaceEventMessageListener.destroy(KeyspaceEventMessageListener.java:110)
	at org.springframework.data.redis.core.RedisKeyValueAdapter.destroy(RedisKeyValueAdapter.java:708)
	at org.springframework.beans.factory.support.DisposableBeanAdapter.destroy(DisposableBeanAdapter.java:211)
	at org.springframework.beans.factory.support.DefaultSingletonBeanRegistry.destroyBean(DefaultSingletonBeanRegistry.java:587)
	at org.springframework.beans.factory.support.DefaultSingletonBeanRegistry.destroySingleton(DefaultSingletonBeanRegistry.java:559)
	at org.springframework.beans.factory.support.DefaultListableBeanFactory.destroySingleton(DefaultListableBeanFactory.java:1207)
	at org.springframework.beans.factory.support.DefaultSingletonBeanRegistry.destroySingletons(DefaultSingletonBeanRegistry.java:520)
	at org.springframework.beans.factory.support.DefaultListableBeanFactory.destroySingletons(DefaultListableBeanFactory.java:1200)
	at org.springframework.context.support.AbstractApplicationContext.destroyBeans(AbstractApplicationContext.java:1195)
	at org.springframework.context.support.AbstractApplicationContext.doClose(AbstractApplicationContext.java:1156)
	at org.springframework.context.support.AbstractApplicationContext.close(AbstractApplicationContext.java:1102)
	at org.springframework.boot.SpringApplicationShutdownHook.closeAndWait(SpringApplicationShutdownHook.java:147)
	at java.base/java.lang.Iterable.forEach(Iterable.java:75)
	at org.springframework.boot.SpringApplicationShutdownHook.run(SpringApplicationShutdownHook.java:116)
	at java.base/java.lang.Thread.run(Thread.java:840)
2026-07-14 20:15:57.113 [SpringApplicationShutdownHook] INFO  o.s.o.j.LocalContainerEntityManagerFactoryBean - Closing JPA EntityManagerFactory for persistence unit 'default'
2026-07-14 20:15:57.116 [SpringApplicationShutdownHook] INFO  com.zaxxer.hikari.HikariDataSource - HikariPool-1 - Shutdown initiated...
2026-07-14 20:15:57.123 [SpringApplicationShutdownHook] INFO  com.zaxxer.hikari.HikariDataSource - HikariPool-1 - Shutdown completed.
2026-07-14 20:19:56.728 [Test worker] INFO  c.t.global.util.MemberUtilTest - Starting MemberUtilTest using Java 17.0.19 with PID 27701 (started by camdao in /home/camdao/Desktop/ticket-online)
2026-07-14 20:19:56.732 [Test worker] INFO  c.t.global.util.MemberUtilTest - The following 4 profiles are active: "redis", "datasource", "security", "test"
2026-07-14 20:19:57.833 [Test worker] INFO  o.s.d.r.c.RepositoryConfigurationDelegate - Multiple Spring Data modules found, entering strict repository configuration mode
2026-07-14 20:19:57.835 [Test worker] INFO  o.s.d.r.c.RepositoryConfigurationDelegate - Bootstrapping Spring Data Redis repositories in DEFAULT mode.
2026-07-14 20:19:57.863 [Test worker] INFO  o.s.d.r.c.RepositoryConfigurationDelegate - Finished Spring Data repository scanning in 7 ms. Found 0 Redis repository interfaces.
2026-07-14 20:19:58.334 [Test worker] INFO  o.s.d.r.c.RepositoryConfigurationDelegate - Multiple Spring Data modules found, entering strict repository configuration mode
2026-07-14 20:19:58.335 [Test worker] INFO  o.s.d.r.c.RepositoryConfigurationDelegate - Bootstrapping Spring Data JPA repositories in DEFAULT mode.
2026-07-14 20:19:58.393 [Test worker] INFO  o.s.d.r.c.RepositoryConfigurationExtensionSupport - Spring Data JPA - Could not safely identify store assignment for repository candidate interface com.ticket_online.domain.auth.dao.RefreshTokenRepository; If you want this repository to be a JPA repository, consider annotating your entities with one of these annotations: jakarta.persistence.Entity, jakarta.persistence.MappedSuperclass (preferred), or consider extending one of the following types with your repository: org.springframework.data.jpa.repository.JpaRepository
2026-07-14 20:19:58.563 [Test worker] INFO  o.s.d.r.c.RepositoryConfigurationDelegate - Finished Spring Data repository scanning in 223 ms. Found 4 JPA repository interfaces.
2026-07-14 20:19:58.575 [Test worker] INFO  o.s.d.r.c.RepositoryConfigurationDelegate - Multiple Spring Data modules found, entering strict repository configuration mode
2026-07-14 20:19:58.576 [Test worker] INFO  o.s.d.r.c.RepositoryConfigurationDelegate - Bootstrapping Spring Data Redis repositories in DEFAULT mode.
2026-07-14 20:19:58.601 [Test worker] INFO  o.s.d.r.c.RepositoryConfigurationExtensionSupport - Spring Data Redis - Could not safely identify store assignment for repository candidate interface com.ticket_online.domain.cinemas.dao.CinemaRepository; If you want this repository to be a Redis repository, consider annotating your entities with one of these annotations: org.springframework.data.redis.core.RedisHash (preferred), or consider extending one of the following types with your repository: org.springframework.data.keyvalue.repository.KeyValueRepository
2026-07-14 20:19:58.602 [Test worker] INFO  o.s.d.r.c.RepositoryConfigurationExtensionSupport - Spring Data Redis - Could not safely identify store assignment for repository candidate interface com.ticket_online.domain.cinemas.dao.ScreenRepository; If you want this repository to be a Redis repository, consider annotating your entities with one of these annotations: org.springframework.data.redis.core.RedisHash (preferred), or consider extending one of the following types with your repository: org.springframework.data.keyvalue.repository.KeyValueRepository
2026-07-14 20:19:58.602 [Test worker] INFO  o.s.d.r.c.RepositoryConfigurationExtensionSupport - Spring Data Redis - Could not safely identify store assignment for repository candidate interface com.ticket_online.domain.movies.dao.MovieRepository; If you want this repository to be a Redis repository, consider annotating your entities with one of these annotations: org.springframework.data.redis.core.RedisHash (preferred), or consider extending one of the following types with your repository: org.springframework.data.keyvalue.repository.KeyValueRepository
2026-07-14 20:19:58.603 [Test worker] INFO  o.s.d.r.c.RepositoryConfigurationExtensionSupport - Spring Data Redis - Could not safely identify store assignment for repository candidate interface com.ticket_online.domain.user.dao.UserRepository; If you want this repository to be a Redis repository, consider annotating your entities with one of these annotations: org.springframework.data.redis.core.RedisHash (preferred), or consider extending one of the following types with your repository: org.springframework.data.keyvalue.repository.KeyValueRepository
2026-07-14 20:19:58.615 [Test worker] INFO  o.s.d.r.c.RepositoryConfigurationDelegate - Finished Spring Data repository scanning in 38 ms. Found 1 Redis repository interface.
2026-07-14 20:20:00.138 [Test worker] INFO  o.s.o.j.p.SpringPersistenceUnitInfo - No LoadTimeWeaver setup: ignoring JPA class transformer
2026-07-14 20:20:00.190 [Test worker] INFO  com.zaxxer.hikari.HikariDataSource - HikariPool-1 - Starting...
2026-07-14 20:20:00.434 [Test worker] INFO  com.zaxxer.hikari.pool.HikariPool - HikariPool-1 - Added connection conn0: url=jdbc:h2:mem:test user=SA
2026-07-14 20:20:00.438 [Test worker] INFO  com.zaxxer.hikari.HikariDataSource - HikariPool-1 - Start completed.
2026-07-14 20:20:01.830 [Test worker] INFO  o.s.o.j.LocalContainerEntityManagerFactoryBean - Initialized JPA EntityManagerFactory for persistence unit 'default'
2026-07-14 20:20:03.670 [Test worker] INFO  o.s.d.j.r.query.QueryEnhancerFactory - Hibernate is in classpath; If applicable, HQL parser will be used.
2026-07-14 20:20:05.155 [Test worker] WARN  o.s.b.a.o.j.JpaBaseConfiguration$JpaWebConfiguration - spring.jpa.open-in-view is enabled by default. Therefore, database queries may be performed during view rendering. Explicitly configure spring.jpa.open-in-view to disable this warning
2026-07-14 20:20:05.949 [Test worker] INFO  o.s.b.a.e.web.EndpointLinksResolver - Exposing 2 endpoints beneath base path '/actuator'
2026-07-14 20:20:07.331 [Test worker] INFO  c.t.global.util.MemberUtilTest - Started MemberUtilTest in 11.424 seconds (process running for 13.799)
2026-07-14 20:20:08.222 [Test worker] DEBUG org.hibernate.SQL - 
    insert 
    into
        users
        (created_at, email, full_name, password, phone_number, role, updated_at, username, user_id) 
    values
        (?, ?, ?, ?, ?, ?, ?, ?, default)
2026-07-14 20:20:08.233 [Test worker] WARN  o.h.e.jdbc.spi.SqlExceptionHelper - SQL Error: 42104, SQLState: 42S04
2026-07-14 20:20:08.233 [Test worker] ERROR o.h.e.jdbc.spi.SqlExceptionHelper - Table "USERS" not found (this database is empty); SQL statement:
insert into users (created_at,email,full_name,password,phone_number,role,updated_at,username,user_id) values (?,?,?,?,?,?,?,?,default) [42104-224]
2026-07-14 20:20:08.385 [SpringApplicationShutdownHook] WARN  o.s.d.r.l.RedisMessageListenerContainer - Unable to unsubscribe from subscriptions
java.lang.IllegalStateException: cannot be started once stopped
	at io.netty.util.HashedWheelTimer.start(HashedWheelTimer.java:363)
	at io.netty.util.HashedWheelTimer.newTimeout(HashedWheelTimer.java:445)
	at io.lettuce.core.protocol.CommandExpiryWriter.potentiallyExpire(CommandExpiryWriter.java:176)
	at io.lettuce.core.protocol.CommandExpiryWriter.write(CommandExpiryWriter.java:120)
	at io.lettuce.core.RedisChannelHandler.dispatch(RedisChannelHandler.java:218)
	at io.lettuce.core.StatefulRedisConnectionImpl.dispatch(StatefulRedisConnectionImpl.java:163)
	at io.lettuce.core.AbstractRedisAsyncCommands.dispatch(AbstractRedisAsyncCommands.java:696)
	at io.lettuce.core.pubsub.RedisPubSubAsyncCommandsImpl.punsubscribe(RedisPubSubAsyncCommandsImpl.java:58)
	at org.springframework.data.redis.connection.lettuce.LettuceSubscription.doClose(LettuceSubscription.java:86)
	at org.springframework.data.redis.connection.util.AbstractSubscription.close(AbstractSubscription.java:105)
	at org.springframework.data.redis.listener.RedisMessageListenerContainer$Subscriber.closeSubscription(RedisMessageListenerContainer.java:1361)
	at org.springframework.data.redis.listener.RedisMessageListenerContainer$Subscriber.doUnsubscribe(RedisMessageListenerContainer.java:1324)
	at org.springframework.data.redis.listener.RedisMessageListenerContainer$Subscriber.lambda$unsubscribeAll$2(RedisMessageListenerContainer.java:1317)
	at org.springframework.data.redis.listener.RedisMessageListenerContainer$Subscriber.lambda$doInLock$9(RedisMessageListenerContainer.java:1445)
	at org.springframework.data.redis.listener.RedisMessageListenerContainer$Subscriber.doInLock(RedisMessageListenerContainer.java:1455)
	at org.springframework.data.redis.listener.RedisMessageListenerContainer$Subscriber.doInLock(RedisMessageListenerContainer.java:1444)
	at org.springframework.data.redis.listener.RedisMessageListenerContainer$Subscriber.unsubscribeAll(RedisMessageListenerContainer.java:1312)
	at org.springframework.data.redis.listener.RedisMessageListenerContainer.doUnsubscribe(RedisMessageListenerContainer.java:512)
	at org.springframework.data.redis.listener.RedisMessageListenerContainer.stopListening(RedisMessageListenerContainer.java:494)
	at org.springframework.data.redis.listener.RedisMessageListenerContainer.removeListener(RedisMessageListenerContainer.java:764)
	at org.springframework.data.redis.listener.RedisMessageListenerContainer.removeMessageListener(RedisMessageListenerContainer.java:587)
	at org.springframework.data.redis.listener.RedisMessageListenerContainer.removeMessageListener(RedisMessageListenerContainer.java:614)
	at org.springframework.data.redis.listener.KeyspaceEventMessageListener.destroy(KeyspaceEventMessageListener.java:110)
	at org.springframework.data.redis.core.RedisKeyValueAdapter.destroy(RedisKeyValueAdapter.java:708)
	at org.springframework.beans.factory.support.DisposableBeanAdapter.destroy(DisposableBeanAdapter.java:211)
	at org.springframework.beans.factory.support.DefaultSingletonBeanRegistry.destroyBean(DefaultSingletonBeanRegistry.java:587)
	at org.springframework.beans.factory.support.DefaultSingletonBeanRegistry.destroySingleton(DefaultSingletonBeanRegistry.java:559)
	at org.springframework.beans.factory.support.DefaultListableBeanFactory.destroySingleton(DefaultListableBeanFactory.java:1207)
	at org.springframework.beans.factory.support.DefaultSingletonBeanRegistry.destroySingletons(DefaultSingletonBeanRegistry.java:520)
	at org.springframework.beans.factory.support.DefaultListableBeanFactory.destroySingletons(DefaultListableBeanFactory.java:1200)
	at org.springframework.context.support.AbstractApplicationContext.destroyBeans(AbstractApplicationContext.java:1195)
	at org.springframework.context.support.AbstractApplicationContext.doClose(AbstractApplicationContext.java:1156)
	at org.springframework.context.support.AbstractApplicationContext.close(AbstractApplicationContext.java:1102)
	at org.springframework.boot.SpringApplicationShutdownHook.closeAndWait(SpringApplicationShutdownHook.java:147)
	at java.base/java.lang.Iterable.forEach(Iterable.java:75)
	at org.springframework.boot.SpringApplicationShutdownHook.run(SpringApplicationShutdownHook.java:116)
	at java.base/java.lang.Thread.run(Thread.java:840)
2026-07-14 20:20:08.396 [SpringApplicationShutdownHook] INFO  o.s.o.j.LocalContainerEntityManagerFactoryBean - Closing JPA EntityManagerFactory for persistence unit 'default'
2026-07-14 20:20:08.399 [SpringApplicationShutdownHook] INFO  com.zaxxer.hikari.HikariDataSource - HikariPool-1 - Shutdown initiated...
2026-07-14 20:20:08.403 [SpringApplicationShutdownHook] INFO  com.zaxxer.hikari.HikariDataSource - HikariPool-1 - Shutdown completed.
2026-07-14 20:22:05.418 [Test worker] INFO  c.t.global.util.MemberUtilTest - Starting MemberUtilTest using Java 17.0.19 with PID 27935 (started by camdao in /home/camdao/Desktop/ticket-online)
2026-07-14 20:22:05.423 [Test worker] INFO  c.t.global.util.MemberUtilTest - The following 4 profiles are active: "redis", "datasource", "security", "test"
2026-07-14 20:22:06.621 [Test worker] INFO  o.s.d.r.c.RepositoryConfigurationDelegate - Multiple Spring Data modules found, entering strict repository configuration mode
2026-07-14 20:22:06.622 [Test worker] INFO  o.s.d.r.c.RepositoryConfigurationDelegate - Bootstrapping Spring Data Redis repositories in DEFAULT mode.
2026-07-14 20:22:06.647 [Test worker] INFO  o.s.d.r.c.RepositoryConfigurationDelegate - Finished Spring Data repository scanning in 7 ms. Found 0 Redis repository interfaces.
2026-07-14 20:22:07.076 [Test worker] INFO  o.s.d.r.c.RepositoryConfigurationDelegate - Multiple Spring Data modules found, entering strict repository configuration mode
2026-07-14 20:22:07.078 [Test worker] INFO  o.s.d.r.c.RepositoryConfigurationDelegate - Bootstrapping Spring Data JPA repositories in DEFAULT mode.
2026-07-14 20:22:07.134 [Test worker] INFO  o.s.d.r.c.RepositoryConfigurationExtensionSupport - Spring Data JPA - Could not safely identify store assignment for repository candidate interface com.ticket_online.domain.auth.dao.RefreshTokenRepository; If you want this repository to be a JPA repository, consider annotating your entities with one of these annotations: jakarta.persistence.Entity, jakarta.persistence.MappedSuperclass (preferred), or consider extending one of the following types with your repository: org.springframework.data.jpa.repository.JpaRepository
2026-07-14 20:22:07.325 [Test worker] INFO  o.s.d.r.c.RepositoryConfigurationDelegate - Finished Spring Data repository scanning in 242 ms. Found 4 JPA repository interfaces.
2026-07-14 20:22:07.340 [Test worker] INFO  o.s.d.r.c.RepositoryConfigurationDelegate - Multiple Spring Data modules found, entering strict repository configuration mode
2026-07-14 20:22:07.340 [Test worker] INFO  o.s.d.r.c.RepositoryConfigurationDelegate - Bootstrapping Spring Data Redis repositories in DEFAULT mode.
2026-07-14 20:22:07.359 [Test worker] INFO  o.s.d.r.c.RepositoryConfigurationExtensionSupport - Spring Data Redis - Could not safely identify store assignment for repository candidate interface com.ticket_online.domain.cinemas.dao.CinemaRepository; If you want this repository to be a Redis repository, consider annotating your entities with one of these annotations: org.springframework.data.redis.core.RedisHash (preferred), or consider extending one of the following types with your repository: org.springframework.data.keyvalue.repository.KeyValueRepository
2026-07-14 20:22:07.359 [Test worker] INFO  o.s.d.r.c.RepositoryConfigurationExtensionSupport - Spring Data Redis - Could not safely identify store assignment for repository candidate interface com.ticket_online.domain.cinemas.dao.ScreenRepository; If you want this repository to be a Redis repository, consider annotating your entities with one of these annotations: org.springframework.data.redis.core.RedisHash (preferred), or consider extending one of the following types with your repository: org.springframework.data.keyvalue.repository.KeyValueRepository
2026-07-14 20:22:07.360 [Test worker] INFO  o.s.d.r.c.RepositoryConfigurationExtensionSupport - Spring Data Redis - Could not safely identify store assignment for repository candidate interface com.ticket_online.domain.movies.dao.MovieRepository; If you want this repository to be a Redis repository, consider annotating your entities with one of these annotations: org.springframework.data.redis.core.RedisHash (preferred), or consider extending one of the following types with your repository: org.springframework.data.keyvalue.repository.KeyValueRepository
2026-07-14 20:22:07.360 [Test worker] INFO  o.s.d.r.c.RepositoryConfigurationExtensionSupport - Spring Data Redis - Could not safely identify store assignment for repository candidate interface com.ticket_online.domain.user.dao.UserRepository; If you want this repository to be a Redis repository, consider annotating your entities with one of these annotations: org.springframework.data.redis.core.RedisHash (preferred), or consider extending one of the following types with your repository: org.springframework.data.keyvalue.repository.KeyValueRepository
2026-07-14 20:22:07.374 [Test worker] INFO  o.s.d.r.c.RepositoryConfigurationDelegate - Finished Spring Data repository scanning in 33 ms. Found 1 Redis repository interface.
2026-07-14 20:22:09.119 [Test worker] INFO  o.s.o.j.p.SpringPersistenceUnitInfo - No LoadTimeWeaver setup: ignoring JPA class transformer
2026-07-14 20:22:09.161 [Test worker] INFO  com.zaxxer.hikari.HikariDataSource - HikariPool-1 - Starting...
2026-07-14 20:22:09.423 [Test worker] INFO  com.zaxxer.hikari.pool.HikariPool - HikariPool-1 - Added connection conn0: url=jdbc:h2:mem:test user=SA
2026-07-14 20:22:09.428 [Test worker] INFO  com.zaxxer.hikari.HikariDataSource - HikariPool-1 - Start completed.
2026-07-14 20:22:10.939 [Test worker] INFO  o.s.o.j.LocalContainerEntityManagerFactoryBean - Initialized JPA EntityManagerFactory for persistence unit 'default'
2026-07-14 20:22:12.729 [Test worker] INFO  o.s.d.j.r.query.QueryEnhancerFactory - Hibernate is in classpath; If applicable, HQL parser will be used.
2026-07-14 20:22:13.943 [Test worker] WARN  o.s.b.a.o.j.JpaBaseConfiguration$JpaWebConfiguration - spring.jpa.open-in-view is enabled by default. Therefore, database queries may be performed during view rendering. Explicitly configure spring.jpa.open-in-view to disable this warning
2026-07-14 20:22:14.673 [Test worker] INFO  o.s.b.a.e.web.EndpointLinksResolver - Exposing 2 endpoints beneath base path '/actuator'
2026-07-14 20:22:15.621 [Test worker] INFO  c.t.global.util.MemberUtilTest - Started MemberUtilTest in 11.176 seconds (process running for 13.134)
2026-07-14 20:22:16.517 [Test worker] DEBUG org.hibernate.SQL - 
    insert 
    into
        users
        (created_at, email, full_name, password, phone_number, role, updated_at, username, user_id) 
    values
        (?, ?, ?, ?, ?, ?, ?, ?, default)
2026-07-14 20:22:16.529 [Test worker] WARN  o.h.e.jdbc.spi.SqlExceptionHelper - SQL Error: 42104, SQLState: 42S04
2026-07-14 20:22:16.531 [Test worker] ERROR o.h.e.jdbc.spi.SqlExceptionHelper - Table "USERS" not found (this database is empty); SQL statement:
insert into users (created_at,email,full_name,password,phone_number,role,updated_at,username,user_id) values (?,?,?,?,?,?,?,?,default) [42104-224]
2026-07-14 20:22:16.744 [SpringApplicationShutdownHook] WARN  o.s.d.r.l.RedisMessageListenerContainer - Unable to unsubscribe from subscriptions
java.lang.IllegalStateException: cannot be started once stopped
	at io.netty.util.HashedWheelTimer.start(HashedWheelTimer.java:363)
	at io.netty.util.HashedWheelTimer.newTimeout(HashedWheelTimer.java:445)
	at io.lettuce.core.protocol.CommandExpiryWriter.potentiallyExpire(CommandExpiryWriter.java:176)
	at io.lettuce.core.protocol.CommandExpiryWriter.write(CommandExpiryWriter.java:120)
	at io.lettuce.core.RedisChannelHandler.dispatch(RedisChannelHandler.java:218)
	at io.lettuce.core.StatefulRedisConnectionImpl.dispatch(StatefulRedisConnectionImpl.java:163)
	at io.lettuce.core.AbstractRedisAsyncCommands.dispatch(AbstractRedisAsyncCommands.java:696)
	at io.lettuce.core.pubsub.RedisPubSubAsyncCommandsImpl.punsubscribe(RedisPubSubAsyncCommandsImpl.java:58)
	at org.springframework.data.redis.connection.lettuce.LettuceSubscription.doClose(LettuceSubscription.java:86)
	at org.springframework.data.redis.connection.util.AbstractSubscription.close(AbstractSubscription.java:105)
	at org.springframework.data.redis.listener.RedisMessageListenerContainer$Subscriber.closeSubscription(RedisMessageListenerContainer.java:1361)
	at org.springframework.data.redis.listener.RedisMessageListenerContainer$Subscriber.doUnsubscribe(RedisMessageListenerContainer.java:1324)
	at org.springframework.data.redis.listener.RedisMessageListenerContainer$Subscriber.lambda$unsubscribeAll$2(RedisMessageListenerContainer.java:1317)
	at org.springframework.data.redis.listener.RedisMessageListenerContainer$Subscriber.lambda$doInLock$9(RedisMessageListenerContainer.java:1445)
	at org.springframework.data.redis.listener.RedisMessageListenerContainer$Subscriber.doInLock(RedisMessageListenerContainer.java:1455)
	at org.springframework.data.redis.listener.RedisMessageListenerContainer$Subscriber.doInLock(RedisMessageListenerContainer.java:1444)
	at org.springframework.data.redis.listener.RedisMessageListenerContainer$Subscriber.unsubscribeAll(RedisMessageListenerContainer.java:1312)
	at org.springframework.data.redis.listener.RedisMessageListenerContainer.doUnsubscribe(RedisMessageListenerContainer.java:512)
	at org.springframework.data.redis.listener.RedisMessageListenerContainer.stopListening(RedisMessageListenerContainer.java:494)
	at org.springframework.data.redis.listener.RedisMessageListenerContainer.removeListener(RedisMessageListenerContainer.java:764)
	at org.springframework.data.redis.listener.RedisMessageListenerContainer.removeMessageListener(RedisMessageListenerContainer.java:587)
	at org.springframework.data.redis.listener.RedisMessageListenerContainer.removeMessageListener(RedisMessageListenerContainer.java:614)
	at org.springframework.data.redis.listener.KeyspaceEventMessageListener.destroy(KeyspaceEventMessageListener.java:110)
	at org.springframework.data.redis.core.RedisKeyValueAdapter.destroy(RedisKeyValueAdapter.java:708)
	at org.springframework.beans.factory.support.DisposableBeanAdapter.destroy(DisposableBeanAdapter.java:211)
	at org.springframework.beans.factory.support.DefaultSingletonBeanRegistry.destroyBean(DefaultSingletonBeanRegistry.java:587)
	at org.springframework.beans.factory.support.DefaultSingletonBeanRegistry.destroySingleton(DefaultSingletonBeanRegistry.java:559)
	at org.springframework.beans.factory.support.DefaultListableBeanFactory.destroySingleton(DefaultListableBeanFactory.java:1207)
	at org.springframework.beans.factory.support.DefaultSingletonBeanRegistry.destroySingletons(DefaultSingletonBeanRegistry.java:520)
	at org.springframework.beans.factory.support.DefaultListableBeanFactory.destroySingletons(DefaultListableBeanFactory.java:1200)
	at org.springframework.context.support.AbstractApplicationContext.destroyBeans(AbstractApplicationContext.java:1195)
	at org.springframework.context.support.AbstractApplicationContext.doClose(AbstractApplicationContext.java:1156)
	at org.springframework.context.support.AbstractApplicationContext.close(AbstractApplicationContext.java:1102)
	at org.springframework.boot.SpringApplicationShutdownHook.closeAndWait(SpringApplicationShutdownHook.java:147)
	at java.base/java.lang.Iterable.forEach(Iterable.java:75)
	at org.springframework.boot.SpringApplicationShutdownHook.run(SpringApplicationShutdownHook.java:116)
	at java.base/java.lang.Thread.run(Thread.java:840)
2026-07-14 20:22:16.755 [SpringApplicationShutdownHook] INFO  o.s.o.j.LocalContainerEntityManagerFactoryBean - Closing JPA EntityManagerFactory for persistence unit 'default'
2026-07-14 20:22:16.759 [SpringApplicationShutdownHook] INFO  com.zaxxer.hikari.HikariDataSource - HikariPool-1 - Shutdown initiated...
2026-07-14 20:22:16.765 [SpringApplicationShutdownHook] INFO  com.zaxxer.hikari.HikariDataSource - HikariPool-1 - Shutdown completed.
2026-07-14 20:23:07.844 [Test worker] INFO  c.t.global.util.MemberUtilTest - Starting MemberUtilTest using Java 17.0.19 with PID 28160 (started by camdao in /home/camdao/Desktop/ticket-online)
2026-07-14 20:23:07.848 [Test worker] INFO  c.t.global.util.MemberUtilTest - The following 4 profiles are active: "redis", "datasource", "security", "test"
2026-07-14 20:23:08.961 [Test worker] INFO  o.s.d.r.c.RepositoryConfigurationDelegate - Multiple Spring Data modules found, entering strict repository configuration mode
2026-07-14 20:23:08.961 [Test worker] INFO  o.s.d.r.c.RepositoryConfigurationDelegate - Bootstrapping Spring Data Redis repositories in DEFAULT mode.
2026-07-14 20:23:08.988 [Test worker] INFO  o.s.d.r.c.RepositoryConfigurationDelegate - Finished Spring Data repository scanning in 7 ms. Found 0 Redis repository interfaces.
2026-07-14 20:23:09.428 [Test worker] INFO  o.s.d.r.c.RepositoryConfigurationDelegate - Multiple Spring Data modules found, entering strict repository configuration mode
2026-07-14 20:23:09.430 [Test worker] INFO  o.s.d.r.c.RepositoryConfigurationDelegate - Bootstrapping Spring Data JPA repositories in DEFAULT mode.
2026-07-14 20:23:09.485 [Test worker] INFO  o.s.d.r.c.RepositoryConfigurationExtensionSupport - Spring Data JPA - Could not safely identify store assignment for repository candidate interface com.ticket_online.domain.auth.dao.RefreshTokenRepository; If you want this repository to be a JPA repository, consider annotating your entities with one of these annotations: jakarta.persistence.Entity, jakarta.persistence.MappedSuperclass (preferred), or consider extending one of the following types with your repository: org.springframework.data.jpa.repository.JpaRepository
2026-07-14 20:23:09.670 [Test worker] INFO  o.s.d.r.c.RepositoryConfigurationDelegate - Finished Spring Data repository scanning in 236 ms. Found 4 JPA repository interfaces.
2026-07-14 20:23:09.684 [Test worker] INFO  o.s.d.r.c.RepositoryConfigurationDelegate - Multiple Spring Data modules found, entering strict repository configuration mode
2026-07-14 20:23:09.684 [Test worker] INFO  o.s.d.r.c.RepositoryConfigurationDelegate - Bootstrapping Spring Data Redis repositories in DEFAULT mode.
2026-07-14 20:23:09.701 [Test worker] INFO  o.s.d.r.c.RepositoryConfigurationExtensionSupport - Spring Data Redis - Could not safely identify store assignment for repository candidate interface com.ticket_online.domain.cinemas.dao.CinemaRepository; If you want this repository to be a Redis repository, consider annotating your entities with one of these annotations: org.springframework.data.redis.core.RedisHash (preferred), or consider extending one of the following types with your repository: org.springframework.data.keyvalue.repository.KeyValueRepository
2026-07-14 20:23:09.702 [Test worker] INFO  o.s.d.r.c.RepositoryConfigurationExtensionSupport - Spring Data Redis - Could not safely identify store assignment for repository candidate interface com.ticket_online.domain.cinemas.dao.ScreenRepository; If you want this repository to be a Redis repository, consider annotating your entities with one of these annotations: org.springframework.data.redis.core.RedisHash (preferred), or consider extending one of the following types with your repository: org.springframework.data.keyvalue.repository.KeyValueRepository
2026-07-14 20:23:09.703 [Test worker] INFO  o.s.d.r.c.RepositoryConfigurationExtensionSupport - Spring Data Redis - Could not safely identify store assignment for repository candidate interface com.ticket_online.domain.movies.dao.MovieRepository; If you want this repository to be a Redis repository, consider annotating your entities with one of these annotations: org.springframework.data.redis.core.RedisHash (preferred), or consider extending one of the following types with your repository: org.springframework.data.keyvalue.repository.KeyValueRepository
2026-07-14 20:23:09.703 [Test worker] INFO  o.s.d.r.c.RepositoryConfigurationExtensionSupport - Spring Data Redis - Could not safely identify store assignment for repository candidate interface com.ticket_online.domain.user.dao.UserRepository; If you want this repository to be a Redis repository, consider annotating your entities with one of these annotations: org.springframework.data.redis.core.RedisHash (preferred), or consider extending one of the following types with your repository: org.springframework.data.keyvalue.repository.KeyValueRepository
2026-07-14 20:23:09.715 [Test worker] INFO  o.s.d.r.c.RepositoryConfigurationDelegate - Finished Spring Data repository scanning in 30 ms. Found 1 Redis repository interface.
2026-07-14 20:23:10.795 [Test worker] INFO  com.zaxxer.hikari.HikariDataSource - HikariPool-1 - Starting...
2026-07-14 20:23:11.043 [Test worker] INFO  com.zaxxer.hikari.pool.HikariPool - HikariPool-1 - Added connection conn0: url=jdbc:h2:mem:test user=SA
2026-07-14 20:23:11.046 [Test worker] INFO  com.zaxxer.hikari.HikariDataSource - HikariPool-1 - Start completed.
2026-07-14 20:23:11.667 [Test worker] INFO  o.s.o.j.p.SpringPersistenceUnitInfo - No LoadTimeWeaver setup: ignoring JPA class transformer
2026-07-14 20:23:13.157 [Test worker] DEBUG org.hibernate.SQL - 
    drop table if exists cinemas cascade 
2026-07-14 20:23:13.162 [Test worker] DEBUG org.hibernate.SQL - 
    drop table if exists movies cascade 
2026-07-14 20:23:13.163 [Test worker] DEBUG org.hibernate.SQL - 
    drop table if exists rooms cascade 
2026-07-14 20:23:13.164 [Test worker] DEBUG org.hibernate.SQL - 
    drop table if exists users cascade 
2026-07-14 20:23:13.172 [Test worker] DEBUG org.hibernate.SQL - 
    create table cinemas (
        created_at timestamp(6),
        id bigint generated by default as identity,
        updated_at timestamp(6),
        phone varchar(20),
        brand varchar(100) not null,
        city varchar(100),
        district varchar(100),
        address varchar(500),
        website varchar(500),
        logo_url varchar(1000),
        description TEXT,
        name varchar(255) not null,
        primary key (id)
    )
2026-07-14 20:23:13.189 [Test worker] DEBUG org.hibernate.SQL - 
    create table movies (
        duration integer not null,
        release_date date,
        created_at timestamp(6),
        id bigint generated by default as identity,
        updated_at timestamp(6),
        age_rating varchar(10),
        rating varchar(10),
        title varchar(500) not null,
        poster_url varchar(1000),
        trailer_url varchar(1000),
        cast TEXT,
        description TEXT,
        director varchar(255),
        genre varchar(255),
        primary key (id)
    )
2026-07-14 20:23:13.193 [Test worker] WARN  o.h.t.s.i.ExceptionHandlerLoggedImpl - GenerationTarget encountered exception accepting command : Error executing DDL "
    create table movies (
        duration integer not null,
        release_date date,
        created_at timestamp(6),
        id bigint generated by default as identity,
        updated_at timestamp(6),
        age_rating varchar(10),
        rating varchar(10),
        title varchar(500) not null,
        poster_url varchar(1000),
        trailer_url varchar(1000),
        cast TEXT,
        description TEXT,
        director varchar(255),
        genre varchar(255),
        primary key (id)
    )" via JDBC [Syntax error in SQL statement "\000a    create table movies (\000a        duration integer not null,\000a        release_date date,\000a        created_at timestamp(6),\000a        id bigint generated by default as identity,\000a        updated_at timestamp(6),\000a        age_rating varchar(10),\000a        rating varchar(10),\000a        title varchar(500) not null,\000a        poster_url varchar(1000),\000a        trailer_url varchar(1000),\000a        [*]cast TEXT,\000a        description TEXT,\000a        director varchar(255),\000a        genre varchar(255),\000a        primary key (id)\000a    )"; expected "identifier";]
org.hibernate.tool.schema.spi.CommandAcceptanceException: Error executing DDL "
    create table movies (
        duration integer not null,
        release_date date,
        created_at timestamp(6),
        id bigint generated by default as identity,
        updated_at timestamp(6),
        age_rating varchar(10),
        rating varchar(10),
        title varchar(500) not null,
        poster_url varchar(1000),
        trailer_url varchar(1000),
        cast TEXT,
        description TEXT,
        director varchar(255),
        genre varchar(255),
        primary key (id)
    )" via JDBC [Syntax error in SQL statement "\000a    create table movies (\000a        duration integer not null,\000a        release_date date,\000a        created_at timestamp(6),\000a        id bigint generated by default as identity,\000a        updated_at timestamp(6),\000a        age_rating varchar(10),\000a        rating varchar(10),\000a        title varchar(500) not null,\000a        poster_url varchar(1000),\000a        trailer_url varchar(1000),\000a        [*]cast TEXT,\000a        description TEXT,\000a        director varchar(255),\000a        genre varchar(255),\000a        primary key (id)\000a    )"; expected "identifier";]
	at org.hibernate.tool.schema.internal.exec.GenerationTargetToDatabase.accept(GenerationTargetToDatabase.java:94)
	at org.hibernate.tool.schema.internal.Helper.applySqlString(Helper.java:233)
	at org.hibernate.tool.schema.internal.Helper.applySqlStrings(Helper.java:217)
	at org.hibernate.tool.schema.internal.SchemaCreatorImpl.createTables(SchemaCreatorImpl.java:428)
	at org.hibernate.tool.schema.internal.SchemaCreatorImpl.createSequencesTablesConstraints(SchemaCreatorImpl.java:344)
	at org.hibernate.tool.schema.internal.SchemaCreatorImpl.createFromMetadata(SchemaCreatorImpl.java:239)
	at org.hibernate.tool.schema.internal.SchemaCreatorImpl.performCreation(SchemaCreatorImpl.java:172)
	at org.hibernate.tool.schema.internal.SchemaCreatorImpl.doCreation(SchemaCreatorImpl.java:142)
	at org.hibernate.tool.schema.internal.SchemaCreatorImpl.doCreation(SchemaCreatorImpl.java:118)
	at org.hibernate.tool.schema.spi.SchemaManagementToolCoordinator.performDatabaseAction(SchemaManagementToolCoordinator.java:250)
	at org.hibernate.tool.schema.spi.SchemaManagementToolCoordinator.lambda$process$5(SchemaManagementToolCoordinator.java:144)
	at java.base/java.util.HashMap.forEach(HashMap.java:1421)
	at org.hibernate.tool.schema.spi.SchemaManagementToolCoordinator.process(SchemaManagementToolCoordinator.java:141)
	at org.hibernate.boot.internal.SessionFactoryObserverForSchemaExport.sessionFactoryCreated(SessionFactoryObserverForSchemaExport.java:37)
	at org.hibernate.internal.SessionFactoryObserverChain.sessionFactoryCreated(SessionFactoryObserverChain.java:35)
	at org.hibernate.internal.SessionFactoryImpl.<init>(SessionFactoryImpl.java:322)
	at org.hibernate.boot.internal.SessionFactoryBuilderImpl.build(SessionFactoryBuilderImpl.java:457)
	at org.hibernate.jpa.boot.internal.EntityManagerFactoryBuilderImpl.build(EntityManagerFactoryBuilderImpl.java:1506)
	at org.springframework.orm.jpa.vendor.SpringHibernateJpaPersistenceProvider.createContainerEntityManagerFactory(SpringHibernateJpaPersistenceProvider.java:75)
	at org.springframework.orm.jpa.LocalContainerEntityManagerFactoryBean.createNativeEntityManagerFactory(LocalContainerEntityManagerFactoryBean.java:390)
	at org.springframework.orm.jpa.AbstractEntityManagerFactoryBean.buildNativeEntityManagerFactory(AbstractEntityManagerFactoryBean.java:409)
	at org.springframework.orm.jpa.AbstractEntityManagerFactoryBean.afterPropertiesSet(AbstractEntityManagerFactoryBean.java:396)
	at org.springframework.orm.jpa.LocalContainerEntityManagerFactoryBean.afterPropertiesSet(LocalContainerEntityManagerFactoryBean.java:366)
	at org.springframework.beans.factory.support.AbstractAutowireCapableBeanFactory.invokeInitMethods(AbstractAutowireCapableBeanFactory.java:1853)
	at org.springframework.beans.factory.support.AbstractAutowireCapableBeanFactory.initializeBean(AbstractAutowireCapableBeanFactory.java:1802)
	at org.springframework.beans.factory.support.AbstractAutowireCapableBeanFactory.doCreateBean(AbstractAutowireCapableBeanFactory.java:600)
	at org.springframework.beans.factory.support.AbstractAutowireCapableBeanFactory.createBean(AbstractAutowireCapableBeanFactory.java:522)
	at org.springframework.beans.factory.support.AbstractBeanFactory.lambda$doGetBean$0(AbstractBeanFactory.java:337)
	at org.springframework.beans.factory.support.DefaultSingletonBeanRegistry.getSingleton(DefaultSingletonBeanRegistry.java:234)
	at org.springframework.beans.factory.support.AbstractBeanFactory.doGetBean(AbstractBeanFactory.java:335)
	at org.springframework.beans.factory.support.AbstractBeanFactory.getBean(AbstractBeanFactory.java:205)
	at org.springframework.context.support.AbstractApplicationContext.finishBeanFactoryInitialization(AbstractApplicationContext.java:954)
	at org.springframework.context.support.AbstractApplicationContext.refresh(AbstractApplicationContext.java:625)
	at org.springframework.boot.SpringApplication.refresh(SpringApplication.java:754)
	at org.springframework.boot.SpringApplication.refreshContext(SpringApplication.java:456)
	at org.springframework.boot.SpringApplication.run(SpringApplication.java:335)
	at org.springframework.boot.test.context.SpringBootContextLoader.lambda$loadContext$3(SpringBootContextLoader.java:137)
	at org.springframework.util.function.ThrowingSupplier.get(ThrowingSupplier.java:58)
	at org.springframework.util.function.ThrowingSupplier.get(ThrowingSupplier.java:46)
	at org.springframework.boot.SpringApplication.withHook(SpringApplication.java:1463)
	at org.springframework.boot.test.context.SpringBootContextLoader$ContextLoaderHook.run(SpringBootContextLoader.java:553)
	at org.springframework.boot.test.context.SpringBootContextLoader.loadContext(SpringBootContextLoader.java:137)
	at org.springframework.boot.test.context.SpringBootContextLoader.loadContext(SpringBootContextLoader.java:108)
	at org.springframework.test.context.cache.DefaultCacheAwareContextLoaderDelegate.loadContextInternal(DefaultCacheAwareContextLoaderDelegate.java:225)
	at org.springframework.test.context.cache.DefaultCacheAwareContextLoaderDelegate.loadContext(DefaultCacheAwareContextLoaderDelegate.java:152)
	at org.springframework.test.context.support.DefaultTestContext.getApplicationContext(DefaultTestContext.java:130)
	at org.springframework.test.context.web.ServletTestExecutionListener.setUpRequestContextIfNecessary(ServletTestExecutionListener.java:191)
	at org.springframework.test.context.web.ServletTestExecutionListener.prepareTestInstance(ServletTestExecutionListener.java:130)
	at org.springframework.test.context.TestContextManager.prepareTestInstance(TestContextManager.java:260)
	at org.springframework.test.context.junit.jupiter.SpringExtension.postProcessTestInstance(SpringExtension.java:163)
	at org.junit.jupiter.engine.descriptor.ClassBasedTestDescriptor.lambda$invokeTestInstancePostProcessors$10(ClassBasedTestDescriptor.java:378)
	at org.junit.jupiter.engine.descriptor.ClassBasedTestDescriptor.executeAndMaskThrowable(ClassBasedTestDescriptor.java:383)
	at org.junit.jupiter.engine.descriptor.ClassBasedTestDescriptor.lambda$invokeTestInstancePostProcessors$11(ClassBasedTestDescriptor.java:378)
	at java.base/java.util.stream.ReferencePipeline$3$1.accept(ReferencePipeline.java:197)
	at java.base/java.util.stream.ReferencePipeline$2$1.accept(ReferencePipeline.java:179)
	at java.base/java.util.ArrayList$ArrayListSpliterator.forEachRemaining(ArrayList.java:1625)
	at java.base/java.util.stream.AbstractPipeline.copyInto(AbstractPipeline.java:509)
	at java.base/java.util.stream.AbstractPipeline.wrapAndCopyInto(AbstractPipeline.java:499)
	at java.base/java.util.stream.StreamSpliterators$WrappingSpliterator.forEachRemaining(StreamSpliterators.java:310)
	at java.base/java.util.stream.Streams$ConcatSpliterator.forEachRemaining(Streams.java:735)
	at java.base/java.util.stream.Streams$ConcatSpliterator.forEachRemaining(Streams.java:734)
	at java.base/java.util.stream.ReferencePipeline$Head.forEach(ReferencePipeline.java:762)
	at org.junit.jupiter.engine.descriptor.ClassBasedTestDescriptor.invokeTestInstancePostProcessors(ClassBasedTestDescriptor.java:377)
	at org.junit.jupiter.engine.descriptor.ClassBasedTestDescriptor.lambda$instantiateAndPostProcessTestInstance$6(ClassBasedTestDescriptor.java:290)
	at org.junit.platform.engine.support.hierarchical.ThrowableCollector.execute(ThrowableCollector.java:73)
	at org.junit.jupiter.engine.descriptor.ClassBasedTestDescriptor.instantiateAndPostProcessTestInstance(ClassBasedTestDescriptor.java:289)
	at org.junit.jupiter.engine.descriptor.ClassBasedTestDescriptor.lambda$testInstancesProvider$4(ClassBasedTestDescriptor.java:279)
	at java.base/java.util.Optional.orElseGet(Optional.java:364)
	at org.junit.jupiter.engine.descriptor.ClassBasedTestDescriptor.lambda$testInstancesProvider$5(ClassBasedTestDescriptor.java:278)
	at org.junit.jupiter.engine.execution.TestInstancesProvider.getTestInstances(TestInstancesProvider.java:31)
	at org.junit.jupiter.engine.descriptor.TestMethodTestDescriptor.lambda$prepare$0(TestMethodTestDescriptor.java:106)
	at org.junit.platform.engine.support.hierarchical.ThrowableCollector.execute(ThrowableCollector.java:73)
	at org.junit.jupiter.engine.descriptor.TestMethodTestDescriptor.prepare(TestMethodTestDescriptor.java:105)
	at org.junit.jupiter.engine.descriptor.TestMethodTestDescriptor.prepare(TestMethodTestDescriptor.java:69)
	at org.junit.platform.engine.support.hierarchical.NodeTestTask.lambda$prepare$2(NodeTestTask.java:128)
	at org.junit.platform.engine.support.hierarchical.ThrowableCollector.execute(ThrowableCollector.java:73)
	at org.junit.platform.engine.support.hierarchical.NodeTestTask.prepare(NodeTestTask.java:128)
	at org.junit.platform.engine.support.hierarchical.NodeTestTask.execute(NodeTestTask.java:95)
	at java.base/java.util.ArrayList.forEach(ArrayList.java:1511)
	at org.junit.platform.engine.support.hierarchical.SameThreadHierarchicalTestExecutorService.invokeAll(SameThreadHierarchicalTestExecutorService.java:41)
	at org.junit.platform.engine.support.hierarchical.NodeTestTask.lambda$executeRecursively$6(NodeTestTask.java:160)
	at org.junit.platform.engine.support.hierarchical.ThrowableCollector.execute(ThrowableCollector.java:73)
	at org.junit.platform.engine.support.hierarchical.NodeTestTask.lambda$executeRecursively$8(NodeTestTask.java:146)
	at org.junit.platform.engine.support.hierarchical.Node.around(Node.java:137)
	at org.junit.platform.engine.support.hierarchical.NodeTestTask.lambda$executeRecursively$9(NodeTestTask.java:144)
	at org.junit.platform.engine.support.hierarchical.ThrowableCollector.execute(ThrowableCollector.java:73)
	at org.junit.platform.engine.support.hierarchical.NodeTestTask.executeRecursively(NodeTestTask.java:143)
	at org.junit.platform.engine.support.hierarchical.NodeTestTask.execute(NodeTestTask.java:100)
	at java.base/java.util.ArrayList.forEach(ArrayList.java:1511)
	at org.junit.platform.engine.support.hierarchical.SameThreadHierarchicalTestExecutorService.invokeAll(SameThreadHierarchicalTestExecutorService.java:41)
	at org.junit.platform.engine.support.hierarchical.NodeTestTask.lambda$executeRecursively$6(NodeTestTask.java:160)
	at org.junit.platform.engine.support.hierarchical.ThrowableCollector.execute(ThrowableCollector.java:73)
	at org.junit.platform.engine.support.hierarchical.NodeTestTask.lambda$executeRecursively$8(NodeTestTask.java:146)
	at org.junit.platform.engine.support.hierarchical.Node.around(Node.java:137)
	at org.junit.platform.engine.support.hierarchical.NodeTestTask.lambda$executeRecursively$9(NodeTestTask.java:144)
	at org.junit.platform.engine.support.hierarchical.ThrowableCollector.execute(ThrowableCollector.java:73)
	at org.junit.platform.engine.support.hierarchical.NodeTestTask.executeRecursively(NodeTestTask.java:143)
	at org.junit.platform.engine.support.hierarchical.NodeTestTask.execute(NodeTestTask.java:100)
	at org.junit.platform.engine.support.hierarchical.SameThreadHierarchicalTestExecutorService.submit(SameThreadHierarchicalTestExecutorService.java:35)
	at org.junit.platform.engine.support.hierarchical.HierarchicalTestExecutor.execute(HierarchicalTestExecutor.java:57)
	at org.junit.platform.engine.support.hierarchical.HierarchicalTestEngine.execute(HierarchicalTestEngine.java:54)
	at org.junit.platform.launcher.core.EngineExecutionOrchestrator.execute(EngineExecutionOrchestrator.java:198)
	at org.junit.platform.launcher.core.EngineExecutionOrchestrator.execute(EngineExecutionOrchestrator.java:169)
	at org.junit.platform.launcher.core.EngineExecutionOrchestrator.execute(EngineExecutionOrchestrator.java:93)
	at org.junit.platform.launcher.core.EngineExecutionOrchestrator.lambda$execute$0(EngineExecutionOrchestrator.java:58)
	at org.junit.platform.launcher.core.EngineExecutionOrchestrator.withInterceptedStreams(EngineExecutionOrchestrator.java:141)
	at org.junit.platform.launcher.core.EngineExecutionOrchestrator.execute(EngineExecutionOrchestrator.java:57)
	at org.junit.platform.launcher.core.DefaultLauncher.execute(DefaultLauncher.java:103)
	at org.junit.platform.launcher.core.DefaultLauncher.execute(DefaultLauncher.java:85)
	at org.junit.platform.launcher.core.DelegatingLauncher.execute(DelegatingLauncher.java:47)
	at org.gradle.api.internal.tasks.testing.junitplatform.JUnitPlatformTestDefinitionProcessor$CollectThenExecuteTestDefinitionConsumer.processAllTestClasses(JUnitPlatformTestDefinitionProcessor.java:172)
	at org.gradle.api.internal.tasks.testing.junitplatform.JUnitPlatformTestDefinitionProcessor$CollectThenExecuteTestDefinitionConsumer.access$000(JUnitPlatformTestDefinitionProcessor.java:121)
	at org.gradle.api.internal.tasks.testing.junitplatform.JUnitPlatformTestDefinitionProcessor.stop(JUnitPlatformTestDefinitionProcessor.java:114)
	at org.gradle.api.internal.tasks.testing.SuiteTestDefinitionProcessor.stop(SuiteTestDefinitionProcessor.java:64)
	at java.base/jdk.internal.reflect.NativeMethodAccessorImpl.invoke0(Native Method)
	at java.base/jdk.internal.reflect.NativeMethodAccessorImpl.invoke(NativeMethodAccessorImpl.java:77)
	at java.base/jdk.internal.reflect.DelegatingMethodAccessorImpl.invoke(DelegatingMethodAccessorImpl.java:43)
	at java.base/java.lang.reflect.Method.invoke(Method.java:569)
	at org.gradle.internal.dispatch.MethodInvocation.invokeOn(MethodInvocation.java:77)
	at org.gradle.internal.dispatch.ReflectionDispatch.dispatch(ReflectionDispatch.java:28)
	at org.gradle.internal.dispatch.ReflectionDispatch.dispatch(ReflectionDispatch.java:19)
	at org.gradle.internal.dispatch.ContextClassLoaderDispatch.dispatch(ContextClassLoaderDispatch.java:33)
	at org.gradle.internal.dispatch.ProxyDispatchAdapter$DispatchingInvocationHandler.invoke(ProxyDispatchAdapter.java:88)
	at jdk.proxy1/jdk.proxy1.$Proxy4.stop(Unknown Source)
	at org.gradle.api.internal.tasks.testing.worker.TestWorker$3.run(TestWorker.java:195)
	at org.gradle.api.internal.tasks.testing.worker.TestWorker.executeAndMaintainThreadName(TestWorker.java:126)
	at org.gradle.api.internal.tasks.testing.worker.TestWorker.execute(TestWorker.java:103)
	at org.gradle.api.internal.tasks.testing.worker.TestWorker.execute(TestWorker.java:63)
	at org.gradle.process.internal.worker.child.ActionExecutionWorker.execute(ActionExecutionWorker.java:56)
	at org.gradle.process.internal.worker.child.SystemApplicationClassLoaderWorker.call(SystemApplicationClassLoaderWorker.java:122)
	at org.gradle.process.internal.worker.child.SystemApplicationClassLoaderWorker.call(SystemApplicationClassLoaderWorker.java:72)
	at worker.org.gradle.process.internal.worker.GradleWorkerMain.run(GradleWorkerMain.java:69)
	at worker.org.gradle.process.internal.worker.GradleWorkerMain.main(GradleWorkerMain.java:74)
Caused by: org.h2.jdbc.JdbcSQLSyntaxErrorException: Syntax error in SQL statement "\000a    create table movies (\000a        duration integer not null,\000a        release_date date,\000a        created_at timestamp(6),\000a        id bigint generated by default as identity,\000a        updated_at timestamp(6),\000a        age_rating varchar(10),\000a        rating varchar(10),\000a        title varchar(500) not null,\000a        poster_url varchar(1000),\000a        trailer_url varchar(1000),\000a        [*]cast TEXT,\000a        description TEXT,\000a        director varchar(255),\000a        genre varchar(255),\000a        primary key (id)\000a    )"; expected "identifier"; SQL statement:

    create table movies (
        duration integer not null,
        release_date date,
        created_at timestamp(6),
        id bigint generated by default as identity,
        updated_at timestamp(6),
        age_rating varchar(10),
        rating varchar(10),
        title varchar(500) not null,
        poster_url varchar(1000),
        trailer_url varchar(1000),
        cast TEXT,
        description TEXT,
        director varchar(255),
        genre varchar(255),
        primary key (id)
    ) [42001-224]
	at org.h2.message.DbException.getJdbcSQLException(DbException.java:514)
	at org.h2.message.DbException.getJdbcSQLException(DbException.java:489)
	at org.h2.message.DbException.getSyntaxError(DbException.java:261)
	at org.h2.command.Parser.readIdentifier(Parser.java:5533)
	at org.h2.command.Parser.parseTableColumnDefinition(Parser.java:8994)
	at org.h2.command.Parser.parseCreateTable(Parser.java:8939)
	at org.h2.command.Parser.parseCreate(Parser.java:6404)
	at org.h2.command.Parser.parsePrepared(Parser.java:666)
	at org.h2.command.Parser.parse(Parser.java:592)
	at org.h2.command.Parser.parse(Parser.java:564)
	at org.h2.command.Parser.prepareCommand(Parser.java:483)
	at org.h2.engine.SessionLocal.prepareLocal(SessionLocal.java:639)
	at org.h2.engine.SessionLocal.prepareCommand(SessionLocal.java:559)
	at org.h2.jdbc.JdbcConnection.prepareCommand(JdbcConnection.java:1166)
	at org.h2.jdbc.JdbcStatement.executeInternal(JdbcStatement.java:245)
	at org.h2.jdbc.JdbcStatement.execute(JdbcStatement.java:231)
	at com.zaxxer.hikari.pool.ProxyStatement.execute(ProxyStatement.java:94)
	at com.zaxxer.hikari.pool.HikariProxyStatement.execute(HikariProxyStatement.java)
	at org.hibernate.tool.schema.internal.exec.GenerationTargetToDatabase.accept(GenerationTargetToDatabase.java:80)
	... 132 common frames omitted
2026-07-14 20:23:13.203 [Test worker] DEBUG org.hibernate.SQL - 
    create table rooms (
        capacity integer not null,
        cinema_id bigint not null,
        created_at timestamp(6),
        id bigint generated by default as identity,
        updated_at timestamp(6),
        room_type varchar(50),
        name varchar(100) not null,
        primary key (id)
    )
2026-07-14 20:23:13.207 [Test worker] DEBUG org.hibernate.SQL - 
    create table users (
        created_at timestamp(6),
        updated_at timestamp(6),
        user_id bigint generated by default as identity,
        email varchar(255) not null unique,
        full_name varchar(255) not null,
        password varchar(255) not null,
        phone_number varchar(255) not null,
        username varchar(255) not null unique,
        role enum ('ROLE_ADMIN','ROLE_USER') not null,
        primary key (user_id)
    )
2026-07-14 20:23:13.215 [Test worker] DEBUG org.hibernate.SQL - 
    alter table if exists rooms 
       add constraint FKjp9bjtvlojbw581bpq23cpw4j 
       foreign key (cinema_id) 
       references cinemas
2026-07-14 20:23:13.242 [Test worker] INFO  o.s.o.j.LocalContainerEntityManagerFactoryBean - Initialized JPA EntityManagerFactory for persistence unit 'default'
2026-07-14 20:23:15.063 [Test worker] INFO  o.s.d.j.r.query.QueryEnhancerFactory - Hibernate is in classpath; If applicable, HQL parser will be used.
2026-07-14 20:23:16.329 [Test worker] WARN  o.s.b.a.o.j.JpaBaseConfiguration$JpaWebConfiguration - spring.jpa.open-in-view is enabled by default. Therefore, database queries may be performed during view rendering. Explicitly configure spring.jpa.open-in-view to disable this warning
2026-07-14 20:23:17.103 [Test worker] INFO  o.s.b.a.e.web.EndpointLinksResolver - Exposing 2 endpoints beneath base path '/actuator'
2026-07-14 20:23:18.099 [Test worker] INFO  c.t.global.util.MemberUtilTest - Started MemberUtilTest in 11.088 seconds (process running for 13.014)
2026-07-14 20:23:19.218 [Test worker] DEBUG org.hibernate.SQL - 
    insert 
    into
        users
        (created_at, email, full_name, password, phone_number, role, updated_at, username, user_id) 
    values
        (?, ?, ?, ?, ?, ?, ?, ?, default)
2026-07-14 20:23:19.233 [Test worker] TRACE org.hibernate.orm.jdbc.bind - binding parameter (1:TIMESTAMP) <- [2026-07-14T20:23:19.121447871]
2026-07-14 20:23:19.235 [Test worker] TRACE org.hibernate.orm.jdbc.bind - binding parameter (2:VARCHAR) <- [test@example.com]
2026-07-14 20:23:19.238 [Test worker] TRACE org.hibernate.orm.jdbc.bind - binding parameter (3:VARCHAR) <- [Test User]
2026-07-14 20:23:19.238 [Test worker] TRACE org.hibernate.orm.jdbc.bind - binding parameter (4:VARCHAR) <- [password123]
2026-07-14 20:23:19.240 [Test worker] TRACE org.hibernate.orm.jdbc.bind - binding parameter (5:VARCHAR) <- [0912345678]
2026-07-14 20:23:19.240 [Test worker] TRACE org.hibernate.orm.jdbc.bind - binding parameter (6:ENUM) <- [ROLE_USER]
2026-07-14 20:23:19.241 [Test worker] TRACE org.hibernate.orm.jdbc.bind - binding parameter (7:TIMESTAMP) <- [2026-07-14T20:23:19.121447871]
2026-07-14 20:23:19.243 [Test worker] TRACE org.hibernate.orm.jdbc.bind - binding parameter (8:VARCHAR) <- [testuser]
2026-07-14 20:23:19.404 [Test worker] DEBUG org.hibernate.SQL - 
    select
        u1_0.user_id,
        u1_0.created_at,
        u1_0.email,
        u1_0.full_name,
        u1_0.password,
        u1_0.phone_number,
        u1_0.role,
        u1_0.updated_at,
        u1_0.username 
    from
        users u1_0 
    where
        u1_0.user_id=?
2026-07-14 20:23:19.406 [Test worker] TRACE org.hibernate.orm.jdbc.bind - binding parameter (1:BIGINT) <- [1]
2026-07-14 20:23:19.557 [SpringApplicationShutdownHook] WARN  o.s.d.r.l.RedisMessageListenerContainer - Unable to unsubscribe from subscriptions
java.lang.IllegalStateException: cannot be started once stopped
	at io.netty.util.HashedWheelTimer.start(HashedWheelTimer.java:363)
	at io.netty.util.HashedWheelTimer.newTimeout(HashedWheelTimer.java:445)
	at io.lettuce.core.protocol.CommandExpiryWriter.potentiallyExpire(CommandExpiryWriter.java:176)
	at io.lettuce.core.protocol.CommandExpiryWriter.write(CommandExpiryWriter.java:120)
	at io.lettuce.core.RedisChannelHandler.dispatch(RedisChannelHandler.java:218)
	at io.lettuce.core.StatefulRedisConnectionImpl.dispatch(StatefulRedisConnectionImpl.java:163)
	at io.lettuce.core.AbstractRedisAsyncCommands.dispatch(AbstractRedisAsyncCommands.java:696)
	at io.lettuce.core.pubsub.RedisPubSubAsyncCommandsImpl.punsubscribe(RedisPubSubAsyncCommandsImpl.java:58)
	at org.springframework.data.redis.connection.lettuce.LettuceSubscription.doClose(LettuceSubscription.java:86)
	at org.springframework.data.redis.connection.util.AbstractSubscription.close(AbstractSubscription.java:105)
	at org.springframework.data.redis.listener.RedisMessageListenerContainer$Subscriber.closeSubscription(RedisMessageListenerContainer.java:1361)
	at org.springframework.data.redis.listener.RedisMessageListenerContainer$Subscriber.doUnsubscribe(RedisMessageListenerContainer.java:1324)
	at org.springframework.data.redis.listener.RedisMessageListenerContainer$Subscriber.lambda$unsubscribeAll$2(RedisMessageListenerContainer.java:1317)
	at org.springframework.data.redis.listener.RedisMessageListenerContainer$Subscriber.lambda$doInLock$9(RedisMessageListenerContainer.java:1445)
	at org.springframework.data.redis.listener.RedisMessageListenerContainer$Subscriber.doInLock(RedisMessageListenerContainer.java:1455)
	at org.springframework.data.redis.listener.RedisMessageListenerContainer$Subscriber.doInLock(RedisMessageListenerContainer.java:1444)
	at org.springframework.data.redis.listener.RedisMessageListenerContainer$Subscriber.unsubscribeAll(RedisMessageListenerContainer.java:1312)
	at org.springframework.data.redis.listener.RedisMessageListenerContainer.doUnsubscribe(RedisMessageListenerContainer.java:512)
	at org.springframework.data.redis.listener.RedisMessageListenerContainer.stopListening(RedisMessageListenerContainer.java:494)
	at org.springframework.data.redis.listener.RedisMessageListenerContainer.removeListener(RedisMessageListenerContainer.java:764)
	at org.springframework.data.redis.listener.RedisMessageListenerContainer.removeMessageListener(RedisMessageListenerContainer.java:587)
	at org.springframework.data.redis.listener.RedisMessageListenerContainer.removeMessageListener(RedisMessageListenerContainer.java:614)
	at org.springframework.data.redis.listener.KeyspaceEventMessageListener.destroy(KeyspaceEventMessageListener.java:110)
	at org.springframework.data.redis.core.RedisKeyValueAdapter.destroy(RedisKeyValueAdapter.java:708)
	at org.springframework.beans.factory.support.DisposableBeanAdapter.destroy(DisposableBeanAdapter.java:211)
	at org.springframework.beans.factory.support.DefaultSingletonBeanRegistry.destroyBean(DefaultSingletonBeanRegistry.java:587)
	at org.springframework.beans.factory.support.DefaultSingletonBeanRegistry.destroySingleton(DefaultSingletonBeanRegistry.java:559)
	at org.springframework.beans.factory.support.DefaultListableBeanFactory.destroySingleton(DefaultListableBeanFactory.java:1207)
	at org.springframework.beans.factory.support.DefaultSingletonBeanRegistry.destroySingletons(DefaultSingletonBeanRegistry.java:520)
	at org.springframework.beans.factory.support.DefaultListableBeanFactory.destroySingletons(DefaultListableBeanFactory.java:1200)
	at org.springframework.context.support.AbstractApplicationContext.destroyBeans(AbstractApplicationContext.java:1195)
	at org.springframework.context.support.AbstractApplicationContext.doClose(AbstractApplicationContext.java:1156)
	at org.springframework.context.support.AbstractApplicationContext.close(AbstractApplicationContext.java:1102)
	at org.springframework.boot.SpringApplicationShutdownHook.closeAndWait(SpringApplicationShutdownHook.java:147)
	at java.base/java.lang.Iterable.forEach(Iterable.java:75)
	at org.springframework.boot.SpringApplicationShutdownHook.run(SpringApplicationShutdownHook.java:116)
	at java.base/java.lang.Thread.run(Thread.java:840)
2026-07-14 20:23:19.571 [SpringApplicationShutdownHook] INFO  o.s.o.j.LocalContainerEntityManagerFactoryBean - Closing JPA EntityManagerFactory for persistence unit 'default'
2026-07-14 20:23:19.573 [SpringApplicationShutdownHook] DEBUG org.hibernate.SQL - 
    drop table if exists cinemas cascade 
2026-07-14 20:23:19.580 [SpringApplicationShutdownHook] DEBUG org.hibernate.SQL - 
    drop table if exists movies cascade 
2026-07-14 20:23:19.581 [SpringApplicationShutdownHook] DEBUG org.hibernate.SQL - 
    drop table if exists rooms cascade 
2026-07-14 20:23:19.583 [SpringApplicationShutdownHook] DEBUG org.hibernate.SQL - 
    drop table if exists users cascade 
2026-07-14 20:23:19.597 [SpringApplicationShutdownHook] INFO  com.zaxxer.hikari.HikariDataSource - HikariPool-1 - Shutdown initiated...
2026-07-14 20:23:19.607 [SpringApplicationShutdownHook] INFO  com.zaxxer.hikari.HikariDataSource - HikariPool-1 - Shutdown completed.
